
LICENSE SYSTEM [20181019 9:40:49] No start/stop license dates set

LICENSE SYSTEM [20181019 9:40:49] Next license update check is after 2028-09-12T00:26:37

Built from '2017.3/patch-release' branch; Version is '2017.3.0p4 (25a5860ad58d) revision 2467206'; Using compiler version '160040219'
OS: 'Windows 7 Service Pack 1 (6.1.7601) 64bit' Language: 'zh' Physical Memory: 16284 MB
BatchMode: 1, IsHumanControllingUs: 0, StartBugReporterOnCrash: 0, Is64bit: 1, IsPro: 1
[Package Manager] Server::Start -- Port 61720 was selected

 COMMAND LINE ARGUMENTS:
D:\Program Files\Unity\Editor\Unity.exe
-executeMethod
Tools.APKBuild.Build
-projectPath
E:\Unity\JenkinsDemo
-quit
-batchmode
-logFile
build.log
Successfully changed project path to: E:\Unity\JenkinsDemo
E:/Unity/JenkinsDemo
Loading GUID <-> Path mappings...0.000061 seconds
Loading Asset Database...0.006225 seconds
Audio: FMOD Profiler initialized on port 54900
AssetDatabase consistency checks...0.021594 seconds
Refreshing native plugins compatible for Editor in 6.74 ms, found 1 plugins.
Preloading 0 native plugins for Editor in 0.00 ms.
DisplayProgressbar: Unity Package Manager
[Package Manager] Resolving 4 packages:
[Package Manager]  * Package :  com.unity.ads@2.0.3
    (location: C:\Users\Administrator\AppData\LocalLow\Unity\cache\packages\packages.unity.com\com.unity.ads@2.0.3)
[Package Manager]  * Package :  com.unity.analytics@2.0.13
    (location: C:\Users\Administrator\AppData\LocalLow\Unity\cache\packages\packages.unity.com\com.unity.analytics@2.0.13)
[Package Manager]  * Package :  com.unity.purchasing@0.0.19
    (location: C:\Users\Administrator\AppData\LocalLow\Unity\cache\packages\packages.unity.com\com.unity.purchasing@0.0.19)
[Package Manager]  * Package :  com.unity.standardevents@1.0.10
    (location: C:\Users\Administrator\AppData\LocalLow\Unity\cache\packages\packages.unity.com\com.unity.standardevents@1.0.10)
[Package Manager] Resolve completed
Initialize engine version: 2017.3.0p4 (25a5860ad58d)
GfxDevice: creating device client; threaded=0
Direct3D:
    Version:  Direct3D 11.0 [level 11.0]
    Renderer: NVIDIA GeForce GTX 1050 Ti (ID=0x1c82)
    Vendor:   NVIDIA
    VRAM:     3998 MB
    Driver:   24.21.13.9836
Initialize mono
Mono path[0] = 'D:/Program Files/Unity/Editor/Data/Managed'
Mono path[1] = 'D:/Program Files/Unity/Editor/Data/Mono/lib/mono/2.0'
Mono config path = 'D:/Program Files/Unity/Editor/Data/Mono/etc'
Using monoOptions --debugger-agent=transport=dt_socket,embedding=1,defer=y,address=0.0.0.0:56928
Begin MonoManager ReloadAssembly
Refreshing native plugins compatible for Editor in 0.40 ms, found 4 plugins.
Initializing Unity.PackageManager (PackageManager) v2017.3.0 for Unity v2017.3.0p4
Registering precompiled unity dll's ...
Register platform support module: D:\Program Files\Unity\Editor\Data\PlaybackEngines\AndroidPlayer/UnityEditor.Android.Extensions.dll
Register platform support module: D:/Program Files/Unity/Editor/Data/PlaybackEngines/iOSSupport/UnityEditor.iOS.Extensions.dll
Register platform support module: D:\Program Files\Unity\Editor\Data\PlaybackEngines\windowsstandalonesupport/UnityEditor.WindowsStandalone.Extensions.dll
Registered in 0.000798 seconds.
Refreshing native plugins compatible for Editor in 0.50 ms, found 4 plugins.
Preloading 1 native plugins for Editor in 0.71 ms.
Mono: successfully reloaded assembly
- Completed reload, in  0.601 seconds
Registering platform support modules:
Registered platform support modules in: 0.0701829s.
Native extension for WindowsStandalone target not found
Native extension for iOS target not found
Native extension for Android target not found
Begin MonoManager ReloadAssembly
Registering precompiled user dll's ...
Registered in 0.005195 seconds.
Refreshing native plugins compatible for Editor in 0.47 ms, found 4 plugins.
Preloading 1 native plugins for Editor in 0.06 ms.
Mono: successfully reloaded assembly
- Completed reload, in  0.530 seconds
Initializing Unity.PackageManager (PackageManager) v2017.3.0 for Unity v2017.3.0p4
Registering platform support modules:
Registered platform support modules in: 0.0476954s.
Native extension for WindowsStandalone target not found
Native extension for iOS target not found
Native extension for Android target not found
Validating Project structure ... 0.000081 seconds.
Refresh: detecting if any assets need to be imported or removed ... Refresh: elapses 0.001592 seconds (Nothing changed)
Warming cache for 143 main assets: 0.000235 seconds elapsed
Initializing Unity extensions:
 'D:/Program Files/Unity/Editor/Data/UnityExtensions/Unity/UnityHoloLens/Editor/UnityEditor.HoloLens.dll'  GUID: 12fd8a0055b84bb59e84c9835a37e333
 'D:/Program Files/Unity/Editor/Data/UnityExtensions/Unity/Timeline/Runtime/UnityEngine.Timeline.dll'  GUID: 6a10b2909283487f913b00d94cd3faf5
 'D:/Program Files/Unity/Editor/Data/UnityExtensions/Unity/TestRunner/portable/nunit.framework.dll'  GUID: 405b9b51bb344a128608d968297df79c
 'D:/Program Files/Unity/Editor/Data/UnityExtensions/Unity/GUISystem/Standalone/UnityEngine.UI.dll'  GUID: f70555f144d8491a825f0804e09c671c
 'D:/Program Files/Unity/Editor/Data/UnityExtensions/Unity/GUISystem/UnityEngine.UI.dll'  GUID: f5f67c52d1564df4a8936ccd202a3bd8
 'D:/Program Files/Unity/Editor/Data/UnityExtensions/Unity/Timeline/RuntimeEditor/UnityEngine.Timeline.dll'  GUID: 844f815391db42d49455cbf1a7bfc434
 'D:/Program Files/Unity/Editor/Data/UnityExtensions/Unity/Networking/Standalone/UnityEngine.Networking.dll'  GUID: dc443db3e92b4983b9738c1131f555cb
 'D:/Program Files/Unity/Editor/Data/UnityExtensions/Unity/UnitySpatialTracking/Runtime/UnityEngine.SpatialTracking.dll'  GUID: ed7343f30e3843b3afda8f8b02669cea
 'D:/Program Files/Unity/Editor/Data/UnityExtensions/Unity/UnityGoogleAudioSpatializer/Editor/UnityEditor.GoogleAudioSpatializer.dll'  GUID: 4a3ecb1425d14502837abea459cf2b70
 'D:/Program Files/Unity/Editor/Data/UnityExtensions/Unity/Networking/Editor/UnityEditor.Networking.dll'  GUID: 5f32cd94baa94578a686d4b9d6b660f7
 'D:/Program Files/Unity/Editor/Data/UnityExtensions/Unity/UnityHoloLens/Runtime/UnityEngine.HoloLens.dll'  GUID: f7b54ff4a43d4fcf81b4538b678e0bcc
 'D:/Program Files/Unity/Editor/Data/UnityExtensions/Unity/UnitySpatialTracking/Editor/UnityEditor.SpatialTracking.dll'  GUID: b5da970776034f77a070d99423d68791
 'D:/Program Files/Unity/Editor/Data/UnityExtensions/Unity/TreeEditor/Editor/UnityEditor.TreeEditor.dll'  GUID: adebbd281f1a4ef3a30be7f21937e02f
 'D:/Program Files/Unity/Editor/Data/UnityExtensions/Unity/Networking/UnityEngine.Networking.dll'  GUID: 870353891bb340e2b2a9c8707e7419ba
 'D:/Program Files/Unity/Editor/Data/UnityExtensions/Unity/TestRunner/UnityEngine.TestRunner.dll'  GUID: 53ebcfaa2e1e4e2dbc85882cd5a73fa1
 'D:/Program Files/Unity/Editor/Data/UnityExtensions/Unity/UnityGoogleAudioSpatializer/RuntimeEditor/UnityEngine.GoogleAudioSpatializer.dll'  GUID: ead147da21254ff9a0a936bdd75e1680
 'D:/Program Files/Unity/Editor/Data/UnityExtensions/Unity/UnityGoogleAudioSpatializer/Runtime/UnityEngine.GoogleAudioSpatializer.dll'  GUID: e4f4cf1b9b434137a499903a7a1d651a
 'D:/Program Files/Unity/Editor/Data/UnityExtensions/Unity/UnityVR/Editor/UnityEditor.VR.dll'  GUID: 4ba2329b63d54f0187bcaa12486b1b0f
 'D:/Program Files/Unity/Editor/Data/UnityExtensions/Unity/UnityHoloLens/RuntimeEditor/UnityEngine.HoloLens.dll'  GUID: 1c6d1fbb51834b64847b1b73a75bfc77
 'D:/Program Files/Unity/Editor/Data/UnityExtensions/Unity/UnitySpatialTracking/RuntimeEditor/UnityEngine.SpatialTracking.dll'  GUID: 3a84de5cd0624681b6b6dcd8921d912a
 'D:/Program Files/Unity/Editor/Data/UnityExtensions/Unity/GUISystem/Editor/UnityEditor.UI.dll'  GUID: 80a3616ca19596e4da0f10f14d241e9f
 'D:/Program Files/Unity/Editor/Data/UnityExtensions/Unity/UIAutomation/UnityEngine.UIAutomation.dll'  GUID: c768acbc9cf24d398488bb4c93b91288
 'D:/Program Files/Unity/Editor/Data/UnityExtensions/Unity/TestRunner/Editor/UnityEditor.TestRunner.dll'  GUID: 4113173d5e95493ab8765d7b08371de4
 'D:/Program Files/Unity/Editor/Data/UnityExtensions/Unity/TestRunner/net35/unity-custom/nunit.framework.dll'  GUID: 4b3fa4bde7f1451a8218c03ee6a8ded8
 'D:/Program Files/Unity/Editor/Data/UnityExtensions/Unity/UIAutomation/Editor/UnityEditor.UIAutomation.dll'  GUID: b8a0574e92bd43a59e19d6c3c6ae54c7
 'D:/Program Files/Unity/Editor/Data/UnityExtensions/Unity/Timeline/Editor/UnityEditor.Timeline.dll'  GUID: 7668179ede524d6396c8b7d84461ea29
Unloading 115 Unused Serialized files (Serialized files now loaded: 0)
System memory in use before: 31.7 MB.
System memory in use after: 31.6 MB.

Unloading 88 unused Assets to reduce memory usage. Loaded Objects now: 846.
Total: 1.543528 ms (FindLiveObjects: 0.636056 ms CreateObjectMapping: 0.017391 ms MarkObjects: 0.864706 ms  DeleteObjects: 0.021382 ms)

DisplayProgressbar: Checking prerequisutes
Android PostProcess task "Checking prerequisutes" took 2.3644 ms
DisplayProgressbar: Detecting Android SDK
AndroidSDKTools:

	root          : D:/AndroidSDK/android-sdk
	tools         : D:/AndroidSDK/android-sdk\tools
	platform-tools: D:/AndroidSDK/android-sdk\platform-tools
	build-tools   : D:\AndroidSDK\android-sdk\build-tools\28.0.2

	adb      : D:/AndroidSDK/android-sdk\platform-tools\adb.exe
	aapt     : D:\AndroidSDK\android-sdk\build-tools\28.0.2\aapt.exe
	zipalign : D:\AndroidSDK\android-sdk\build-tools\28.0.2\zipalign.exe

AndroidJavaTools:
	java     : C:/Program Files (x86)/Java/jdk1.8.0_181\bin\java.exe

Android PostProcess task "Detecting Android SDK" took 704.8083 ms
Android PostProcess task "Detect Android NDK" took 0.1292 ms
Android PostProcess task "Trying to find a suitable Android device" took 0.0884 ms
BuildPlayer: start building target 13
Refreshing native plugins compatible for Editor in 0.43 ms, found 4 plugins.
DisplayProgressbar: Building Player

Packing sprites:
[     48 MB ]- Skipping packing - Sprite Packer (Legacy) is off.
[     48 MB ]WARNING: Shader Unsupported: 'Hidden/BlitToDepth' - Pass '' has no vertex shader
WARNING: Shader Unsupported: 'Hidden/BlitToDepth' - Setting to default shader.
WARNING: Shader Unsupported: 'Hidden/BlitToDepth_MSAA' - Pass '' has no vertex shader
WARNING: Shader Unsupported: 'Hidden/BlitToDepth_MSAA' - Setting to default shader.
WARNING: Shader Unsupported: 'Hidden/VideoDecodeAndroid' - Pass 'RGBAEXTERNAL_TO_RGBA' has no vertex shader
WARNING: Shader Unsupported: 'Hidden/VideoDecodeAndroid' - Setting to default shader.
Opening scene 'Assets/1.unity'
Load scene 'Assets/1.unity' time: 0.013114 ms 
Setting up 2 worker threads for Enlighten.
  Thread -> id: 2a80 -> priority: 1 
  Thread -> id: 25c0 -> priority: 1 
Unloading 12 Unused Serialized files (Serialized files now loaded: 0)
System memory in use before: 48.9 MB.
System memory in use after: 49.0 MB.

Unloading 22 unused Assets to reduce memory usage. Loaded Objects now: 2877.
Total: 8.092262 ms (FindLiveObjects: 0.630069 ms CreateObjectMapping: 0.040769 ms MarkObjects: 3.120413 ms  DeleteObjects: 4.300725 ms)

[00:00:00] Enlighten: Precompute started.
[PathTracer] Issuing atlassing job. Atlas hash: bc06a9703e5ae257241f86e6e5e9cb62, width: 1024, height: 1024
Launched and connected shader compiler UnityShaderCompiler.exe after 0.03 seconds
[00:00:00] Enlighten: Finished 1 Layout Systems job (0.00s execute, 0.00s integrate, 0.05s wallclock)
[00:00:00] Enlighten: Finished 1 Tetrahedralize Probes job (0.00s execute, 0.00s integrate, 0.01s wallclock)
[00:00:00] Enlighten: Precompute took 0.064722 seconds.
Enlighten scene contents:   0 geometries.   0 instances.   0 systems.   0 probe groups.   0 cube maps. Scene is up-to-date.
[00:00:00] Enlighten: Bake started.
[PathTracer][LP] Issuing deduplication and tetrahedralization job. Combined: 80257199cfa681a16be5e09b3c2208f4, tetrahedralized probes: 00000000000000000000000000000000, non-tetrahedralized probes: 00000000000000000000000000000000, dependencies: 00000000000000000000000000000000
[PathTracer][LP] Integrating deduplicated and tetrahedralized probes for hash 80257199cfa681a16be5e09b3c2208f4.
[00:00:00] Enlighten: Finished 1 Bake Runtime job (0.02s execute, 0.00s integrate, 0.03s wallclock)
[00:00:00] Enlighten: Bake took 0.026827 seconds.
[PathTracer] Common reset.
[PathTracer] Lightmap reset.
[PathTracer][LP] Light probes reset.
[PathTracer] building lightmap data asset.
[00:00:00] Enlighten: Reflection Probes started.
[00:00:00] Enlighten: Finished 1 Ambient Probes job (0.00s execute, 0.00s integrate, 0.01s wallclock)
[00:00:00] Enlighten: Finished 1 Reflection Probes job (0.00s execute, 0.01s integrate, 0.02s wallclock)
WARNING: Shader Unsupported: 'Hidden/BlitToDepth' - Pass '' has no vertex shader
WARNING: Shader Unsupported: 'Hidden/BlitToDepth' - Setting to default shader.
WARNING: Shader Unsupported: 'Hidden/BlitToDepth_MSAA' - Pass '' has no vertex shader
WARNING: Shader Unsupported: 'Hidden/BlitToDepth_MSAA' - Setting to default shader.


Mono dependencies included in the build
Dependency assembly - Mono.Security.dll
Dependency assembly - System.Core.dll
Dependency assembly - System.dll
Dependency assembly - mscorlib.dll
Dependency assembly - UnityEngine.UI.dll
Dependency assembly - UnityEngine.Networking.dll
Dependency assembly - UnityEngine.Timeline.dll
Dependency assembly - UnityEngine.SpatialTracking.dll
Dependency assembly - UnityEngine.StandardEvents.dll

DisplayProgressbar: Fetching assembly references
Unloading 12 Unused Serialized files (Serialized files now loaded: 0)
System memory in use before: 51.9 MB.
System memory in use after: 51.9 MB.

Unloading 23 unused Assets to reduce memory usage. Loaded Objects now: 2855.
Total: 6.868901 ms (FindLiveObjects: 0.593291 ms CreateObjectMapping: 0.027654 ms MarkObjects: 2.822769 ms  DeleteObjects: 3.424899 ms)

Unloading 1 Unused Serialized files (Serialized files now loaded: 0)
System memory in use before: 51.3 MB.
System memory in use after: 51.5 MB.

Unloading 0 unused Assets to reduce memory usage. Loaded Objects now: 2867.
Total: 3.885050 ms (FindLiveObjects: 0.826503 ms CreateObjectMapping: 0.048752 ms MarkObjects: 2.987557 ms  DeleteObjects: 0.021382 ms)

WARNING: Shader Unsupported: 'Hidden/BlitToDepth' - Pass '' has no vertex shader
WARNING: Shader Unsupported: 'Hidden/BlitToDepth' - Setting to default shader.
WARNING: Shader Unsupported: 'Hidden/BlitToDepth_MSAA' - Pass '' has no vertex shader
WARNING: Shader Unsupported: 'Hidden/BlitToDepth_MSAA' - Setting to default shader.
WARNING: Shader Unsupported: 'VR/SpatialMapping/Wireframe' - Pass '' has no vertex shader
WARNING: Shader Unsupported: 'VR/SpatialMapping/Wireframe' - Setting to default shader.
WARNING: Shader Unsupported: 'Hidden/VR/BlitTexArraySliceToDepth_MSAA' - Pass '' has no vertex shader
WARNING: Shader Unsupported: 'Hidden/VR/BlitTexArraySliceToDepth_MSAA' - Setting to default shader.
WARNING: Shader Unsupported: 'AR/TangoARRender' - Pass '' has no vertex shader
WARNING: Shader Unsupported: 'AR/TangoARRender' - Setting to default shader.
WARNING: Shader Unsupported: 'Hidden/VideoDecodeOSX' - Pass 'FLIP_RGBARECT_TO_RGBA' has no vertex shader
WARNING: Shader Unsupported: 'Hidden/VideoDecodeOSX' - Setting to default shader.
Unloading 1 Unused Serialized files (Serialized files now loaded: 0)
System memory in use before: 97.5 MB.
System memory in use after: 51.8 MB.

Unloading 145 unused Assets to reduce memory usage. Loaded Objects now: 2854.
Total: 53.579594 ms (FindLiveObjects: 0.525153 ms CreateObjectMapping: 0.035922 ms MarkObjects: 3.106158 ms  DeleteObjects: 49.911790 ms)

DisplayProgressbar: Building Player
WARNING: Shader Unsupported: 'Hidden/BlitToDepth' - Pass '' has no vertex shader
WARNING: Shader Unsupported: 'Hidden/BlitToDepth' - Setting to default shader.
WARNING: Shader Unsupported: 'Hidden/BlitToDepth_MSAA' - Pass '' has no vertex shader
WARNING: Shader Unsupported: 'Hidden/BlitToDepth_MSAA' - Setting to default shader.
Launched and connected shader compiler UnityShaderCompiler.exe after 0.03 seconds
Launched and connected shader compiler UnityShaderCompiler.exe after 0.03 seconds
Launched and connected shader compiler UnityShaderCompiler.exe after 0.03 seconds
Launched and connected shader compiler UnityShaderCompiler.exe after 0.03 seconds
Launched and connected shader compiler UnityShaderCompiler.exe after 0.03 seconds
Launched and connected shader compiler UnityShaderCompiler.exe after 0.03 seconds
Launched and connected shader compiler UnityShaderCompiler.exe after 0.03 seconds
DisplayProgressbar: Creating staging area
Android PostProcess task "Creating staging area" took 2.0299 ms
DisplayProgressbar: Generating Build Id
Android PostProcess task "Generating Build Id" took 0.1377 ms
DisplayProgressbar: Preparing Unity resources
Android PostProcess task "Preparing Unity resources" took 15.6916 ms
DisplayProgressbar: Splitting assets
Android PostProcess task "Splitting assets" took 2.6766 ms
Android PostProcess task "Processing OBB assets" took 0.0695 ms
DisplayProgressbar: Preparing Unity libraries
Android PostProcess task "Preparing Unity libraries" took 31.7598 ms
DisplayProgressbar: Processing resources
Android PostProcess task "Processing resources" took 0.1764 ms
DisplayProgressbar: Preparing APK resources
Android PostProcess task "Preparing APK resources" took 18.7205 ms
DisplayProgressbar: Processing plugins
Android PostProcess task "Processing plugins" took 45.056 ms
DisplayProgressbar: Processing Android libraries
Android PostProcess task "Processing Android libraries" took 1.0144 ms
DisplayProgressbar: Creating Android manifest
DisplayProgressbar: Fetching assembly references
Android PostProcess task "Creating Android manifest" took 661.6511 ms
DisplayProgressbar: Compiling resources
Android PostProcess task "Compiling resources" took 1.9195 ms
Android PostProcess task "IL2CPP" took 0.3684 ms
Android PostProcess task "Build native Unity binary" took 0.0989 ms
Android PostProcess task "Zipping symbols" took 0.3162 ms
Android PostProcess task "Performance Reporting Symbol Upload" took 0.2144 ms
DisplayProgressbar: Preparing streaming assets
Android PostProcess task "Preparing streaming assets" took 0.9446 ms
Android PostProcess task "fastzip" took 0.0638 ms
Android PostProcess task "AAPT: Compiling all assets into one archive" took 0.2099 ms
DisplayProgressbar: Building Gradle project
Android PostProcess task "Building Gradle project" took 22759.2341 ms
DisplayProgressbar: Moving output package
Android PostProcess task "Moving output package" took 13.2977 ms
DisplayProgressbar: Building Player

-------------------------------------------------------------------------------
Build Report
Uncompressed usage by category:
Textures      0.0 kb	 0.0% 
Meshes        0.0 kb	 0.0% 
Animations    0.0 kb	 0.0% 
Sounds        0.0 kb	 0.0% 
Shaders       13.1 kb	 0.0% 
Other Assets  1.3 kb	 0.0% 
Levels        70.3 kb	 0.3% 
Scripts       655.4 kb	 2.5% 
Included DLLs 3.9 mb	 15.4% 
File headers  12.3 kb	 0.0% 
Complete size 25.6 mb	 100.0% 

Used Assets and files from the Resources folder, sorted by uncompressed size:
 13.6 kb	 0.1% Resources/unity_builtin_extra
 4.3 kb	 0.0% D:/Program Files/Unity/Editor/Data/PlaybackEngines/VuforiaSupport/Managed/iOS/Vuforia.UnityExtensions.dll
 4.3 kb	 0.0% D:/Program Files/Unity/Editor/Data/PlaybackEngines/VuforiaSupport/Managed/WindowsStoreApps/Vuforia.UnityExtensions.dll
 4.3 kb	 0.0% D:/Program Files/Unity/Editor/Data/PlaybackEngines/VuforiaSupport/Managed/Runtime/Vuforia.UnityExtensions.dll
 4.3 kb	 0.0% D:/Program Files/Unity/Editor/Data/PlaybackEngines/VuforiaSupport/Managed/Android/Vuforia.UnityExtensions.dll
 4.1 kb	 0.0% D:/Program Files/Unity/Editor/Data/UnityExtensions/Unity/GUISystem/UnityEngine.UI.dll
 4.1 kb	 0.0% D:/Program Files/Unity/Editor/Data/UnityExtensions/Unity/GUISystem/Standalone/UnityEngine.UI.dll
 1.8 kb	 0.0% D:/Program Files/Unity/Editor/Data/UnityExtensions/Unity/Networking/UnityEngine.Networking.dll
 1.8 kb	 0.0% D:/Program Files/Unity/Editor/Data/UnityExtensions/Unity/Networking/Standalone/UnityEngine.Networking.dll
 1.5 kb	 0.0% D:/Program Files/Unity/Editor/Data/UnityExtensions/Unity/Timeline/RuntimeEditor/UnityEngine.Timeline.dll
 1.5 kb	 0.0% D:/Program Files/Unity/Editor/Data/UnityExtensions/Unity/Timeline/Runtime/UnityEngine.Timeline.dll
 0.7 kb	 0.0% D:/Program Files/Unity/Editor/Data/UnityExtensions/Unity/UnityHoloLens/RuntimeEditor/UnityEngine.HoloLens.dll
 0.7 kb	 0.0% D:/Program Files/Unity/Editor/Data/UnityExtensions/Unity/UnityHoloLens/Runtime/UnityEngine.HoloLens.dll
 0.4 kb	 0.0% D:/Program Files/Unity/Editor/Data/UnityExtensions/Unity/TestRunner/UnityEngine.TestRunner.dll
 0.3 kb	 0.0% Packages/com.unity.analytics/UnityEngine.Analytics.dll
 0.3 kb	 0.0% Packages/com.unity.ads/UnityEngine.Advertisements.dll
 0.1 kb	 0.0% D:/Program Files/Unity/Editor/Data/UnityExtensions/Unity/UnityGoogleAudioSpatializer/RuntimeEditor/UnityEngine.GoogleAudioSpatializer.dll
 0.1 kb	 0.0% D:/Program Files/Unity/Editor/Data/UnityExtensions/Unity/UnityGoogleAudioSpatializer/Runtime/UnityEngine.GoogleAudioSpatializer.dll
 0.1 kb	 0.0% D:/Program Files/Unity/Editor/Data/UnityExtensions/Unity/UnitySpatialTracking/RuntimeEditor/UnityEngine.SpatialTracking.dll
 0.1 kb	 0.0% D:/Program Files/Unity/Editor/Data/UnityExtensions/Unity/UnitySpatialTracking/Runtime/UnityEngine.SpatialTracking.dll
-------------------------------------------------------------------------------
Unloading 11 Unused Serialized files (Serialized files now loaded: 0)
System memory in use before: 52.0 MB.
System memory in use after: 52.0 MB.

Unloading 22 unused Assets to reduce memory usage. Loaded Objects now: 2869.
Total: 8.277292 ms (FindLiveObjects: 0.639192 ms CreateObjectMapping: 0.038203 ms MarkObjects: 3.168595 ms  DeleteObjects: 4.430730 ms)

DisplayProgressNotification: Build Successful
Load scene 'Temp/__Backupscenes/0.backup' time: 0.018531 ms 
Unloading 0 Unused Serialized files (Serialized files now loaded: 0)
[00:00:00] Enlighten: Reflection Probes took 25.522513 seconds. Cancelled, so not done yet.
System memory in use before: 51.5 MB.
System memory in use after: 51.8 MB.

Unloading 0 unused Assets to reduce memory usage. Loaded Objects now: 2859.
Total: 3.709714 ms (FindLiveObjects: 0.685664 ms CreateObjectMapping: 0.044760 ms MarkObjects: 2.961613 ms  DeleteObjects: 0.016820 ms)


*** Completed 'Build.Player.AndroidPlayer' in 27 seconds (27373 ms)

Refresh: detecting if any assets need to be imported or removed ... Refresh: elapses 0.001684 seconds (Nothing changed)
- Starting compile Library/ScriptAssemblies/Assembly-CSharp-Editor.dll

-----Compiler Commandline Arguments:
Filename: "D:\Program Files\Unity\Editor\Data\MonoBleedingEdge\bin\mono.exe"
Arguments: "D:\Program Files\Unity\Editor\Data\MonoBleedingEdge\lib\mono\4.5\mcs.exe"  @Temp/UnityTempFile-fb7ad41be9f150f419f1ad2c1e1c9777
index: 77
Responsefile: Temp/UnityTempFile-fb7ad41be9f150f419f1ad2c1e1c9777 Contents: 
-debug
-target:library
-nowarn:0169
-langversion:4
-out:Temp/Assembly-CSharp-Editor.dll
-unsafe
-r:"D:/Program Files/Unity/Editor/Data/Managed/UnityEditor.dll"
-r:"D:/Program Files/Unity/Editor/Data/Managed/UnityEngine/UnityEngine.dll"
-r:"D:/Program Files/Unity/Editor/Data/Managed/UnityEngine/UnityEngine.CoreModule.dll"
-r:"D:/Program Files/Unity/Editor/Data/Managed/UnityEngine/UnityEngine.AccessibilityModule.dll"
-r:"D:/Program Files/Unity/Editor/Data/Managed/UnityEngine/UnityEngine.ParticleSystemModule.dll"
-r:"D:/Program Files/Unity/Editor/Data/Managed/UnityEngine/UnityEngine.PhysicsModule.dll"
-r:"D:/Program Files/Unity/Editor/Data/Managed/UnityEngine/UnityEngine.VehiclesModule.dll"
-r:"D:/Program Files/Unity/Editor/Data/Managed/UnityEngine/UnityEngine.ClothModule.dll"
-r:"D:/Program Files/Unity/Editor/Data/Managed/UnityEngine/UnityEngine.AIModule.dll"
-r:"D:/Program Files/Unity/Editor/Data/Managed/UnityEngine/UnityEngine.AnimationModule.dll"
-r:"D:/Program Files/Unity/Editor/Data/Managed/UnityEngine/UnityEngine.TextRenderingModule.dll"
-r:"D:/Program Files/Unity/Editor/Data/Managed/UnityEngine/UnityEngine.UIModule.dll"
-r:"D:/Program Files/Unity/Editor/Data/Managed/UnityEngine/UnityEngine.TerrainPhysicsModule.dll"
-r:"D:/Program Files/Unity/Editor/Data/Managed/UnityEngine/UnityEngine.IMGUIModule.dll"
-r:"D:/Program Files/Unity/Editor/Data/Managed/UnityEngine/UnityEngine.ClusterInputModule.dll"
-r:"D:/Program Files/Unity/Editor/Data/Managed/UnityEngine/UnityEngine.ClusterRendererModule.dll"
-r:"D:/Program Files/Unity/Editor/Data/Managed/UnityEngine/UnityEngine.UNETModule.dll"
-r:"D:/Program Files/Unity/Editor/Data/Managed/UnityEngine/UnityEngine.DirectorModule.dll"
-r:"D:/Program Files/Unity/Editor/Data/Managed/UnityEngine/UnityEngine.UnityAnalyticsModule.dll"
-r:"D:/Program Files/Unity/Editor/Data/Managed/UnityEngine/UnityEngine.PerformanceReportingModule.dll"
-r:"D:/Program Files/Unity/Editor/Data/Managed/UnityEngine/UnityEngine.UnityConnectModule.dll"
-r:"D:/Program Files/Unity/Editor/Data/Managed/UnityEngine/UnityEngine.WebModule.dll"
-r:"D:/Program Files/Unity/Editor/Data/Managed/UnityEngine/UnityEngine.ARModule.dll"
-r:"D:/Program Files/Unity/Editor/Data/Managed/UnityEngine/UnityEngine.VRModule.dll"
-r:"D:/Program Files/Unity/Editor/Data/Managed/UnityEngine/UnityEngine.UIElementsModule.dll"
-r:"D:/Program Files/Unity/Editor/Data/Managed/UnityEngine/UnityEngine.StyleSheetsModule.dll"
-r:"D:/Program Files/Unity/Editor/Data/Managed/UnityEngine/UnityEngine.AssetBundleModule.dll"
-r:"D:/Program Files/Unity/Editor/Data/Managed/UnityEngine/UnityEngine.AudioModule.dll"
-r:"D:/Program Files/Unity/Editor/Data/Managed/UnityEngine/UnityEngine.CrashReportingModule.dll"
-r:"D:/Program Files/Unity/Editor/Data/Managed/UnityEngine/UnityEngine.GameCenterModule.dll"
-r:"D:/Program Files/Unity/Editor/Data/Managed/UnityEngine/UnityEngine.GridModule.dll"
-r:"D:/Program Files/Unity/Editor/Data/Managed/UnityEngine/UnityEngine.ImageConversionModule.dll"
-r:"D:/Program Files/Unity/Editor/Data/Managed/UnityEngine/UnityEngine.InputModule.dll"
-r:"D:/Program Files/Unity/Editor/Data/Managed/UnityEngine/UnityEngine.JSONSerializeModule.dll"
-r:"D:/Program Files/Unity/Editor/Data/Managed/UnityEngine/UnityEngine.ParticlesLegacyModule.dll"
-r:"D:/Program Files/Unity/Editor/Data/Managed/UnityEngine/UnityEngine.Physics2DModule.dll"
-r:"D:/Program Files/Unity/Editor/Data/Managed/UnityEngine/UnityEngine.ScreenCaptureModule.dll"
-r:"D:/Program Files/Unity/Editor/Data/Managed/UnityEngine/UnityEngine.SharedInternalsModule.dll"
-r:"D:/Program Files/Unity/Editor/Data/Managed/UnityEngine/UnityEngine.SpriteMaskModule.dll"
-r:"D:/Program Files/Unity/Editor/Data/Managed/UnityEngine/UnityEngine.SpriteShapeModule.dll"
-r:"D:/Program Files/Unity/Editor/Data/Managed/UnityEngine/UnityEngine.TerrainModule.dll"
-r:"D:/Program Files/Unity/Editor/Data/Managed/UnityEngine/UnityEngine.TilemapModule.dll"
-r:"D:/Program Files/Unity/Editor/Data/Managed/UnityEngine/UnityEngine.UnityWebRequestModule.dll"
-r:"D:/Program Files/Unity/Editor/Data/Managed/UnityEngine/UnityEngine.UnityWebRequestAudioModule.dll"
-r:"D:/Program Files/Unity/Editor/Data/Managed/UnityEngine/UnityEngine.UnityWebRequestTextureModule.dll"
-r:"D:/Program Files/Unity/Editor/Data/Managed/UnityEngine/UnityEngine.UnityWebRequestWWWModule.dll"
-r:"D:/Program Files/Unity/Editor/Data/Managed/UnityEngine/UnityEngine.VideoModule.dll"
-r:"D:/Program Files/Unity/Editor/Data/Managed/UnityEngine/UnityEngine.WindModule.dll"
-r:"D:/Program Files/Unity/Editor/Data/UnityExtensions/Unity/GUISystem/UnityEngine.UI.dll"
-r:"D:/Program Files/Unity/Editor/Data/UnityExtensions/Unity/GUISystem/Editor/UnityEditor.UI.dll"
-r:"D:/Program Files/Unity/Editor/Data/UnityExtensions/Unity/Networking/UnityEngine.Networking.dll"
-r:"D:/Program Files/Unity/Editor/Data/UnityExtensions/Unity/Networking/Editor/UnityEditor.Networking.dll"
-r:"D:/Program Files/Unity/Editor/Data/UnityExtensions/Unity/TestRunner/Editor/UnityEditor.TestRunner.dll"
-r:"D:/Program Files/Unity/Editor/Data/UnityExtensions/Unity/TestRunner/UnityEngine.TestRunner.dll"
-r:"D:/Program Files/Unity/Editor/Data/UnityExtensions/Unity/TestRunner/net35/unity-custom/nunit.framework.dll"
-r:"D:/Program Files/Unity/Editor/Data/UnityExtensions/Unity/Timeline/RuntimeEditor/UnityEngine.Timeline.dll"
-r:"D:/Program Files/Unity/Editor/Data/UnityExtensions/Unity/Timeline/Editor/UnityEditor.Timeline.dll"
-r:"D:/Program Files/Unity/Editor/Data/UnityExtensions/Unity/TreeEditor/Editor/UnityEditor.TreeEditor.dll"
-r:"D:/Program Files/Unity/Editor/Data/UnityExtensions/Unity/UIAutomation/UnityEngine.UIAutomation.dll"
-r:"D:/Program Files/Unity/Editor/Data/UnityExtensions/Unity/UIAutomation/Editor/UnityEditor.UIAutomation.dll"
-r:"D:/Program Files/Unity/Editor/Data/UnityExtensions/Unity/UnityGoogleAudioSpatializer/Editor/UnityEditor.GoogleAudioSpatializer.dll"
-r:"D:/Program Files/Unity/Editor/Data/UnityExtensions/Unity/UnityGoogleAudioSpatializer/RuntimeEditor/UnityEngine.GoogleAudioSpatializer.dll"
-r:"D:/Program Files/Unity/Editor/Data/UnityExtensions/Unity/UnityHoloLens/Editor/UnityEditor.HoloLens.dll"
-r:"D:/Program Files/Unity/Editor/Data/UnityExtensions/Unity/UnityHoloLens/RuntimeEditor/UnityEngine.HoloLens.dll"
-r:"D:/Program Files/Unity/Editor/Data/UnityExtensions/Unity/UnitySpatialTracking/Editor/UnityEditor.SpatialTracking.dll"
-r:"D:/Program Files/Unity/Editor/Data/UnityExtensions/Unity/UnitySpatialTracking/RuntimeEditor/UnityEngine.SpatialTracking.dll"
-r:"D:/Program Files/Unity/Editor/Data/UnityExtensions/Unity/UnityVR/Editor/UnityEditor.VR.dll"
-r:"D:/Program Files/Unity/Editor/Data/PlaybackEngines/VuforiaSupport/Managed/Editor/Vuforia.UnityExtensions.Editor.dll"
-r:"D:/Program Files/Unity/Editor/Data/PlaybackEngines/VuforiaSupport/Managed/Runtime/Vuforia.UnityExtensions.dll"
-r:"D:/Program Files/Unity/Editor/Data/Managed/UnityEditor.Graphs.dll"
-r:"D:/Program Files/Unity/Editor/Data/PlaybackEngines/AndroidPlayer/UnityEditor.Android.Extensions.dll"
-r:"D:/Program Files/Unity/Editor/Data/PlaybackEngines/iOSSupport/UnityEditor.iOS.Extensions.dll"
-r:"D:/Program Files/Unity/Editor/Data/PlaybackEngines/windowsstandalonesupport/UnityEditor.WindowsStandalone.Extensions.dll"
-r:"C:/Program Files (x86)/Microsoft Visual Studio Tools for Unity/15.0/Editor/SyntaxTree.VisualStudio.Unity.Bridge.dll"
-r:C:/Users/Administrator/AppData/LocalLow/Unity/cache/packages/packages.unity.com/com.unity.ads@2.0.3/UnityEngine.Advertisements.dll
-r:C:/Users/Administrator/AppData/LocalLow/Unity/cache/packages/packages.unity.com/com.unity.ads@2.0.3/Editor/UnityEditor.Advertisements.dll
-r:C:/Users/Administrator/AppData/LocalLow/Unity/cache/packages/packages.unity.com/com.unity.analytics@2.0.13/UnityEngine.Analytics.dll
-r:C:/Users/Administrator/AppData/LocalLow/Unity/cache/packages/packages.unity.com/com.unity.analytics@2.0.13/Editor/UnityEditor.Analytics.dll
-r:C:/Users/Administrator/AppData/LocalLow/Unity/cache/packages/packages.unity.com/com.unity.purchasing@0.0.19/UnityEngine.Purchasing.dll
-r:C:/Users/Administrator/AppData/LocalLow/Unity/cache/packages/packages.unity.com/com.unity.purchasing@0.0.19/Editor/UnityEditor.Purchasing.dll
-r:C:/Users/Administrator/AppData/LocalLow/Unity/cache/packages/packages.unity.com/com.unity.standardevents@1.0.10/UnityEngine.StandardEvents.dll
-r:"D:/Program Files/Unity/Editor/Data/PlaybackEngines/iOSSupport\UnityEditor.iOS.Extensions.Xcode.dll"
-r:"D:/Program Files/Unity/Editor/Data/PlaybackEngines/iOSSupport\UnityEditor.iOS.Extensions.Common.dll"
-define:UNITY_5_3_OR_NEWER
-define:UNITY_5_4_OR_NEWER
-define:UNITY_5_5_OR_NEWER
-define:UNITY_5_6_OR_NEWER
-define:UNITY_2017_1_OR_NEWER
-define:UNITY_2017_2_OR_NEWER
-define:UNITY_2017_3_OR_NEWER
-define:UNITY_2017_3_0
-define:UNITY_2017_3
-define:UNITY_2017
-define:ENABLE_AUDIO
-define:ENABLE_CACHING
-define:ENABLE_CLOTH
-define:ENABLE_GENERICS
-define:ENABLE_PVR_GI
-define:ENABLE_MICROPHONE
-define:ENABLE_MULTIPLE_DISPLAYS
-define:ENABLE_PHYSICS
-define:ENABLE_SPRITERENDERER_FLIPPING
-define:ENABLE_SPRITES
-define:ENABLE_GRID
-define:ENABLE_TILEMAP
-define:ENABLE_TERRAIN
-define:ENABLE_RAKNET
-define:ENABLE_DIRECTOR
-define:ENABLE_UNET
-define:ENABLE_LZMA
-define:ENABLE_UNITYEVENTS
-define:ENABLE_WEBCAM
-define:ENABLE_WWW
-define:ENABLE_CLOUD_SERVICES_COLLAB
-define:ENABLE_CLOUD_SERVICES_COLLAB_SOFTLOCKS
-define:ENABLE_CLOUD_SERVICES_ADS
-define:ENABLE_CLOUD_HUB
-define:ENABLE_CLOUD_PROJECT_ID
-define:ENABLE_CLOUD_SERVICES_USE_WEBREQUEST
-define:ENABLE_CLOUD_SERVICES_UNET
-define:ENABLE_CLOUD_SERVICES_BUILD
-define:ENABLE_CLOUD_LICENSE
-define:ENABLE_EDITOR_HUB
-define:ENABLE_EDITOR_HUB_LICENSE
-define:ENABLE_WEBSOCKET_CLIENT
-define:ENABLE_DIRECTOR_AUDIO
-define:ENABLE_DIRECTOR_TEXTURE
-define:ENABLE_TIMELINE
-define:ENABLE_EDITOR_METRICS
-define:ENABLE_EDITOR_METRICS_CACHING
-define:ENABLE_NATIVE_ARRAY
-define:ENABLE_SPRITE_MASKING
-define:INCLUDE_DYNAMIC_GI
-define:INCLUDE_GI
-define:ENABLE_MONO_BDWGC
-define:PLATFORM_SUPPORTS_MONO
-define:INCLUDE_PUBNUB
-define:ENABLE_PLAYMODE_TESTS_RUNNER
-define:ENABLE_VIDEO
-define:ENABLE_RMGUI
-define:ENABLE_PACKMAN
-define:ENABLE_CUSTOM_RENDER_TEXTURE
-define:ENABLE_STYLE_SHEETS
-define:ENABLE_LOCALIZATION
-define:PLATFORM_ANDROID
-define:UNITY_ANDROID
-define:UNITY_ANDROID_API
-define:ENABLE_SUBSTANCE
-define:ENABLE_EGL
-define:ENABLE_NETWORK
-define:ENABLE_RUNTIME_GI
-define:ENABLE_CRUNCH_TEXTURE_COMPRESSION
-define:ENABLE_UNITYWEBREQUEST
-define:ENABLE_CLOUD_SERVICES
-define:ENABLE_CLOUD_SERVICES_ANALYTICS
-define:ENABLE_EVENT_QUEUE
-define:ENABLE_CLOUD_SERVICES_PURCHASING
-define:ENABLE_CLOUD_SERVICES_CRASH_REPORTING
-define:ENABLE_CLOUD_SERVICES_NATIVE_CRASH_REPORTING
-define:PLATFORM_SUPPORTS_ADS_ID
-define:UNITY_CAN_SHOW_SPLASH_SCREEN
-define:ENABLE_VR
-define:ENABLE_AR
-define:ENABLE_SPATIALTRACKING
-define:ENABLE_UNITYADS_RUNTIME
-define:UNITY_UNITYADS_API
-define:ENABLE_MONO
-define:NET_2_0_SUBSET
-define:ENABLE_PROFILER
-define:DEBUG
-define:TRACE
-define:UNITY_ASSERTIONS
-define:UNITY_EDITOR
-define:UNITY_EDITOR_64
-define:UNITY_EDITOR_WIN
-define:ENABLE_NATIVE_ARRAY_CHECKS
-define:UNITY_TEAM_LICENSE
-define:ENABLE_VSTU
-define:UNITY_PRO_LICENSE
-define:UNITY_HAS_GOOGLEVR
-define:UNITY_HAS_TANGO
Assets/Editor/APKBuild.cs
-r:"D:\Program Files\Unity\Editor\Data\MonoBleedingEdge\lib\mono\2.0-api\System.Runtime.Serialization.dll"
-r:"D:\Program Files\Unity\Editor\Data\MonoBleedingEdge\lib\mono\2.0-api\System.Xml.Linq.dll"
-r:"D:\Program Files\Unity\Editor\Data\MonoBleedingEdge\lib\mono\2.0-api\UnityScript.dll"
-r:"D:\Program Files\Unity\Editor\Data\MonoBleedingEdge\lib\mono\2.0-api\UnityScript.Lang.dll"
-r:"D:\Program Files\Unity\Editor\Data\MonoBleedingEdge\lib\mono\2.0-api\Boo.Lang.dll"
-sdk:2.0

-----CompilerOutput:-stdout--exitcode: 0--compilationhadfailure: False--outfile: Temp/Assembly-CSharp-Editor.dll
Compilation succeeded - 2 warning(s)
-----CompilerOutput:-stderr----------
Assets/Editor/APKBuild.cs(14,37): warning CS0618: `UnityEditor.EditorUserBuildSettings.SwitchActiveBuildTarget(UnityEditor.BuildTarget)' is obsolete: `Please use SwitchActiveBuildTarget (BuildTargetGroup targetGroup, BuildTarget target)'
Assets/Editor/APKBuild.cs(44,20): warning CS0219: The variable `res' is assigned but its value is never used
-----EndCompilerOutput---------------
- Finished compile Library/ScriptAssemblies/Assembly-CSharp-Editor.dll
Assets/Editor/APKBuild.cs(14,37): warning CS0618: `UnityEditor.EditorUserBuildSettings.SwitchActiveBuildTarget(UnityEditor.BuildTarget)' is obsolete: `Please use SwitchActiveBuildTarget (BuildTargetGroup targetGroup, BuildTarget target)'
 
(Filename: Assets/Editor/APKBuild.cs Line: 14)

Assets/Editor/APKBuild.cs(44,20): warning CS0219: The variable `res' is assigned but its value is never used
 
(Filename: Assets/Editor/APKBuild.cs Line: 44)

Reloading assemblies after script compilation.
Begin MonoManager ReloadAssembly
Refreshing native plugins compatible for Editor in 1.09 ms, found 4 plugins.
Preloading 1 native plugins for Editor in 0.06 ms.
Mono: successfully reloaded assembly
Refreshing native plugins compatible for Editor in 0.51 ms, found 4 plugins.
Preloading 1 native plugins for Editor in 0.15 ms.

----- Total AssetImport time: 0.078407s, AssetImport time: 0.000000s, Asset hashing: 0.000000s [0 B, 0.000000 mb/s]

- Completed reload, in  0.862 seconds
Initializing Unity.PackageManager (PackageManager) v2017.3.0 for Unity v2017.3.0p4
Registering platform support modules:
Registered platform support modules in: 0.0365452s.
Native extension for WindowsStandalone target not found
Native extension for iOS target not found
Native extension for Android target not found
Batchmode quit successfully invoked - shutting down!
Refresh: detecting if any assets need to be imported or removed ... Refresh: elapses 0.001585 seconds (Nothing changed)
Updating ProjectSettings/ProjectSettings.asset - GUID: 00000000000000004000000000000000...
 done. [Time: 27.521790 ms] 
Refreshing native plugins compatible for Editor in 0.51 ms, found 4 plugins.
Preloading 1 native plugins for Editor in 0.09 ms.

----- Total AssetImport time: 0.103049s, AssetImport time: 0.051447s, Asset hashing: 0.000000s [0 B, 0.000000 mb/s]

Refresh: detecting if any assets need to be imported or removed ... Refresh: elapses 0.001376 seconds (Nothing changed)
[Package Manager] Server::Kill -- Server was shutdown
Cleanup mono
Exiting batchmode successfully now!
